#
# There is insufficient memory for the Java Runtime Environment to continue.
# Native memory allocation (malloc) failed to allocate 1644336 bytes for Chunk::new
# Possible reasons:
#   The system is out of physical RAM or swap space
#   The process is running with CompressedOops enabled, and the Java Heap may be blocking the growth of the native heap
# Possible solutions:
#   Reduce memory load on the system
#   Increase physical memory or swap space
#   Check if swap backing store is full
#   Decrease Java heap size (-Xmx/-Xms)
#   Decrease number of Java threads
#   Decrease Java thread stack sizes (-Xss)
#   Set larger code cache with -XX:ReservedCodeCacheSize=
#   JVM is running with Zero Based Compressed Oops mode in which the Java heap is
#     placed in the first 32GB address space. The Java Heap base address is the
#     maximum limit for the native heap growth. Please use -XX:HeapBaseMinAddress
#     to set the Java Heap base and to place the Java Heap above 32GB virtual address.
# This output file may be truncated or incomplete.
#
#  Out of Memory Error (arena.cpp:189), pid=20320, tid=35336
#
# JRE version: Java(TM) SE Runtime Environment (17.0.9+11) (build 17.0.9+11-LTS-201)
# Java VM: Java HotSpot(TM) 64-Bit Server VM (17.0.9+11-LTS-201, mixed mode, sharing, tiered, compressed oops, compressed class ptrs, g1 gc, windows-amd64)
# No core dump will be written. Minidumps are not enabled by default on client versions of Windows
#

---------------  S U M M A R Y ------------

Command Line: -javaagent:C:\Users\-Pc-\AppData\Local\JetBrains\IntelliJIdea2025.1\captureAgent\debugger-agent.jar=file:///C:/Users/-Pc-/AppData/Local/Temp/capture6915545795488668280.props -ea --enable-preview -Didea.test.cyclic.buffer.size=1048576 -javaagent:D:\JetBrains\IntelliJ IDEA 2025.1.2\lib\idea_rt.jar=53584 -Dkotlinx.coroutines.debug.enable.creation.stack.trace=false -Ddebugger.agent.enable.coroutines=true -Dkotlinx.coroutines.debug.enable.flows.stack.trace=true -Dkotlinx.coroutines.debug.enable.mutable.state.flows.stack.trace=true -Dfile.encoding=UTF-8 com.intellij.rt.junit.JUnitStarter -ideVersion5 -junit5 sep490.com.example.hrms_backend.service.impl.SalaryServiceImplTest

Host: Intel(R) Core(TM) i5-10400F CPU @ 2.90GHz, 12 cores, 15G,  Windows 11 , 64 bit Build 26100 (10.0.26100.4484)
Time: Sun Aug 10 21:30:43 2025 SE Asia Standard Time elapsed time: 5.210715 seconds (0d 0h 0m 5s)

---------------  T H R E A D  ---------------

Current thread (0x000002c59b02f2e0):  JavaThread "C2 CompilerThread0" daemon [_thread_in_native, id=35336, stack(0x000000e566700000,0x000000e566800000)]


Current CompileTask:
C2:   5210 1686       4       jdk.internal.org.objectweb.asm.Frame::execute (2305 bytes)

Stack: [0x000000e566700000,0x000000e566800000]
Native frames: (J=compiled Java code, j=interpreted, Vv=VM code, C=native code)
V  [jvm.dll+0x678a4a]
V  [jvm.dll+0x7d9cfd]
V  [jvm.dll+0x7db60e]
V  [jvm.dll+0x7dbc73]
V  [jvm.dll+0x245e1f]
V  [jvm.dll+0xaaafb]
V  [jvm.dll+0xab09c]
V  [jvm.dll+0x36232f]
V  [jvm.dll+0x32ca01]
V  [jvm.dll+0x32be9a]
V  [jvm.dll+0x21812f]
V  [jvm.dll+0x217561]
V  [jvm.dll+0x1a3bc0]
V  [jvm.dll+0x2272de]
V  [jvm.dll+0x22548b]
V  [jvm.dll+0x78f58c]
V  [jvm.dll+0x78998a]
V  [jvm.dll+0x677875]
C  [ucrtbase.dll+0x37b0]
C  [KERNEL32.DLL+0x2e8d7]
C  [ntdll.dll+0x3c34c]


---------------  P R O C E S S  ---------------

Threads class SMR info:
_java_thread_list=0x000002c5a11bb350, length=19, elements={
0x000002c536e32bd0, 0x000002c59b00c260, 0x000002c59b00d8a0, 0x000002c59b0216f0,
0x000002c59b026ff0, 0x000002c59b028430, 0x000002c59b029870, 0x000002c59b02f2e0,
0x000002c59b038770, 0x000002c59b039080, 0x000002c559ec4c60, 0x000002c59b3375c0,
0x000002c59b52ec20, 0x000002c59b52f940, 0x000002c5a10474b0, 0x000002c5a1045140,
0x000002c5a10e78f0, 0x000002c5a1046a90, 0x000002c5a1046fa0
}

Java Threads: ( => current thread )
  0x000002c536e32bd0 JavaThread "main" [_thread_in_vm, id=5012, stack(0x000000e565a00000,0x000000e565b00000)]
  0x000002c59b00c260 JavaThread "Reference Handler" daemon [_thread_blocked, id=39572, stack(0x000000e566100000,0x000000e566200000)]
  0x000002c59b00d8a0 JavaThread "Finalizer" daemon [_thread_blocked, id=28888, stack(0x000000e566200000,0x000000e566300000)]
  0x000002c59b0216f0 JavaThread "Signal Dispatcher" daemon [_thread_blocked, id=38972, stack(0x000000e566300000,0x000000e566400000)]
  0x000002c59b026ff0 JavaThread "Attach Listener" daemon [_thread_blocked, id=39440, stack(0x000000e566400000,0x000000e566500000)]
  0x000002c59b028430 JavaThread "Service Thread" daemon [_thread_blocked, id=14488, stack(0x000000e566500000,0x000000e566600000)]
  0x000002c59b029870 JavaThread "Monitor Deflation Thread" daemon [_thread_blocked, id=9336, stack(0x000000e566600000,0x000000e566700000)]
=>0x000002c59b02f2e0 JavaThread "C2 CompilerThread0" daemon [_thread_in_native, id=35336, stack(0x000000e566700000,0x000000e566800000)]
  0x000002c59b038770 JavaThread "C1 CompilerThread0" daemon [_thread_in_native, id=36668, stack(0x000000e566800000,0x000000e566900000)]
  0x000002c59b039080 JavaThread "Sweeper thread" daemon [_thread_blocked, id=5016, stack(0x000000e566900000,0x000000e566a00000)]
  0x000002c559ec4c60 JavaThread "Common-Cleaner" daemon [_thread_blocked, id=25816, stack(0x000000e566a00000,0x000000e566b00000)]
  0x000002c59b3375c0 JavaThread "IntelliJ Suspend Helper" daemon [_thread_blocked, id=1404, stack(0x000000e566c00000,0x000000e566d00000)]
  0x000002c59b52ec20 JavaThread "Monitor Ctrl-Break" daemon [_thread_in_native, id=36760, stack(0x000000e566d00000,0x000000e566e00000)]
  0x000002c59b52f940 JavaThread "Notification Thread" daemon [_thread_blocked, id=36756, stack(0x000000e566e00000,0x000000e566f00000)]
  0x000002c5a10474b0 JavaThread "RMI TCP Accept-0" daemon [_thread_in_native, id=19844, stack(0x000000e567900000,0x000000e567a00000)]
  0x000002c5a1045140 JavaThread "RMI TCP Connection(1)-172.16.0.2" daemon [_thread_in_native, id=7572, stack(0x000000e566b00000,0x000000e566c00000)]
  0x000002c5a10e78f0 JavaThread "C2 CompilerThread1" daemon [_thread_in_native, id=31436, stack(0x000000e567500000,0x000000e567600000)]
  0x000002c5a1046a90 JavaThread "RMI Scheduler(0)" daemon [_thread_blocked, id=25592, stack(0x000000e567a00000,0x000000e567b00000)]
  0x000002c5a1046fa0 JavaThread "JMX server connection timeout 21" daemon [_thread_blocked, id=18856, stack(0x000000e567b00000,0x000000e567c00000)]

Other Threads:
  0x000002c59b007e40 VMThread "VM Thread" [stack: 0x000000e566000000,0x000000e566100000] [id=19620]
  0x000002c536eccab0 WatcherThread [stack: 0x000000e566f00000,0x000000e567000000] [id=38108]
  0x000002c536e4ac70 GCTaskThread "GC Thread#0" [stack: 0x000000e565b00000,0x000000e565c00000] [id=1976]
  0x000002c5a0a2ad10 GCTaskThread "GC Thread#1" [stack: 0x000000e567000000,0x000000e567100000] [id=39896]
  0x000002c5a047e520 GCTaskThread "GC Thread#2" [stack: 0x000000e567100000,0x000000e567200000] [id=37856]
  0x000002c5a047f2e0 GCTaskThread "GC Thread#3" [stack: 0x000000e567200000,0x000000e567300000] [id=13188]
  0x000002c5a047dce0 GCTaskThread "GC Thread#4" [stack: 0x000000e567300000,0x000000e567400000] [id=36512]
  0x000002c5a047e7e0 GCTaskThread "GC Thread#5" [stack: 0x000000e567400000,0x000000e567500000] [id=5224]
  0x000002c5a047da20 GCTaskThread "GC Thread#6" [stack: 0x000000e567600000,0x000000e567700000] [id=29340]
  0x000002c5a047dfa0 GCTaskThread "GC Thread#7" [stack: 0x000000e567700000,0x000000e567800000] [id=37308]
  0x000002c5a047f020 GCTaskThread "GC Thread#8" [stack: 0x000000e567800000,0x000000e567900000] [id=29700]
  0x000002c536eb4000 ConcurrentGCThread "G1 Main Marker" [stack: 0x000000e565c00000,0x000000e565d00000] [id=22712]
  0x000002c536eb5fe0 ConcurrentGCThread "G1 Conc#0" [stack: 0x000000e565d00000,0x000000e565e00000] [id=7976]
  0x000002c559d88e50 ConcurrentGCThread "G1 Refine#0" [stack: 0x000000e565e00000,0x000000e565f00000] [id=38952]
  0x000002c559d89790 ConcurrentGCThread "G1 Service" [stack: 0x000000e565f00000,0x000000e566000000] [id=14768]

Threads with active compile tasks:
C2 CompilerThread0     5232 1686       4       jdk.internal.org.objectweb.asm.Frame::execute (2305 bytes)
C1 CompilerThread0     5233 1731   !   3       jdk.internal.loader.Resource::getBytes (244 bytes)
C2 CompilerThread1     5233 1714  s!   4       jdk.internal.loader.URLClassPath::getLoader (194 bytes)

VM state: not at safepoint (normal execution)

VM Mutex/Monitor currently owned by a thread: None

Heap address: 0x0000000701800000, size: 4072 MB, Compressed Oops mode: Zero based, Oop shift amount: 3

CDS archive(s) mapped at: [0x000002c55a000000-0x000002c55abd0000-0x000002c55abd0000), size 12386304, SharedBaseAddress: 0x000002c55a000000, ArchiveRelocationMode: 1.
Compressed class space mapped at: 0x000002c55b000000-0x000002c59b000000, reserved size: 1073741824
Narrow klass base: 0x000002c55a000000, Narrow klass shift: 0, Narrow klass range: 0x100000000

GC Precious Log:
 CPUs: 12 total, 12 available
 Memory: 16280M
 Large Page Support: Disabled
 NUMA Support: Disabled
 Compressed Oops: Enabled (Zero based)
 Heap Region Size: 2M
 Heap Min Capacity: 8M
 Heap Initial Capacity: 256M
 Heap Max Capacity: 4072M
 Pre-touch: Disabled
 Parallel Workers: 10
 Concurrent Workers: 3
 Concurrent Refinement Workers: 10
 Periodic GC: Disabled

Heap:
 garbage-first heap   total 262144K, used 26075K [0x0000000701800000, 0x0000000800000000)
  region size 2048K, 8 young (16384K), 1 survivors (2048K)
 Metaspace       used 13951K, committed 14208K, reserved 1114112K
  class space    used 1617K, committed 1728K, reserved 1048576K

Heap Regions: E=young(eden), S=young(survivor), O=old, HS=humongous(starts), HC=humongous(continues), CS=collection set, F=free, OA=open archive, CA=closed archive, TAMS=top-at-mark-start (previous, next)
|   0|0x0000000701800000, 0x0000000701a00000, 0x0000000701a00000|100%| O|  |TAMS 0x0000000701800000, 0x0000000701800000| Untracked 
|   1|0x0000000701a00000, 0x0000000701c00000, 0x0000000701c00000|100%| O|  |TAMS 0x0000000701a00000, 0x0000000701a00000| Untracked 
|   2|0x0000000701c00000, 0x0000000701e00000, 0x0000000701e00000|100%| O|  |TAMS 0x0000000701c00000, 0x0000000701c00000| Untracked 
|   3|0x0000000701e00000, 0x0000000702000000, 0x0000000702000000|100%| O|  |TAMS 0x0000000701e00000, 0x0000000701e00000| Untracked 
|   4|0x0000000702000000, 0x0000000702200000, 0x0000000702200000|100%| O|  |TAMS 0x0000000702000000, 0x0000000702000000| Untracked 
|   5|0x0000000702200000, 0x000000070239ba00, 0x0000000702400000| 80%| O|  |TAMS 0x0000000702200000, 0x0000000702200000| Untracked 
|   6|0x0000000702400000, 0x0000000702400000, 0x0000000702600000|  0%| F|  |TAMS 0x0000000702400000, 0x0000000702400000| Untracked 
|   7|0x0000000702600000, 0x0000000702600000, 0x0000000702800000|  0%| F|  |TAMS 0x0000000702600000, 0x0000000702600000| Untracked 
|   8|0x0000000702800000, 0x0000000702800000, 0x0000000702a00000|  0%| F|  |TAMS 0x0000000702800000, 0x0000000702800000| Untracked 
|   9|0x0000000702a00000, 0x0000000702a00000, 0x0000000702c00000|  0%| F|  |TAMS 0x0000000702a00000, 0x0000000702a00000| Untracked 
|  10|0x0000000702c00000, 0x0000000702c00000, 0x0000000702e00000|  0%| F|  |TAMS 0x0000000702c00000, 0x0000000702c00000| Untracked 
|  11|0x0000000702e00000, 0x0000000702e00000, 0x0000000703000000|  0%| F|  |TAMS 0x0000000702e00000, 0x0000000702e00000| Untracked 
|  12|0x0000000703000000, 0x0000000703000000, 0x0000000703200000|  0%| F|  |TAMS 0x0000000703000000, 0x0000000703000000| Untracked 
|  13|0x0000000703200000, 0x0000000703200000, 0x0000000703400000|  0%| F|  |TAMS 0x0000000703200000, 0x0000000703200000| Untracked 
|  14|0x0000000703400000, 0x0000000703400000, 0x0000000703600000|  0%| F|  |TAMS 0x0000000703400000, 0x0000000703400000| Untracked 
|  15|0x0000000703600000, 0x0000000703600000, 0x0000000703800000|  0%| F|  |TAMS 0x0000000703600000, 0x0000000703600000| Untracked 
|  16|0x0000000703800000, 0x0000000703800000, 0x0000000703a00000|  0%| F|  |TAMS 0x0000000703800000, 0x0000000703800000| Untracked 
|  17|0x0000000703a00000, 0x0000000703a00000, 0x0000000703c00000|  0%| F|  |TAMS 0x0000000703a00000, 0x0000000703a00000| Untracked 
|  18|0x0000000703c00000, 0x0000000703c00000, 0x0000000703e00000|  0%| F|  |TAMS 0x0000000703c00000, 0x0000000703c00000| Untracked 
|  19|0x0000000703e00000, 0x0000000703e00000, 0x0000000704000000|  0%| F|  |TAMS 0x0000000703e00000, 0x0000000703e00000| Untracked 
|  20|0x0000000704000000, 0x0000000704000000, 0x0000000704200000|  0%| F|  |TAMS 0x0000000704000000, 0x0000000704000000| Untracked 
|  21|0x0000000704200000, 0x0000000704200000, 0x0000000704400000|  0%| F|  |TAMS 0x0000000704200000, 0x0000000704200000| Untracked 
|  22|0x0000000704400000, 0x0000000704400000, 0x0000000704600000|  0%| F|  |TAMS 0x0000000704400000, 0x0000000704400000| Untracked 
|  23|0x0000000704600000, 0x0000000704600000, 0x0000000704800000|  0%| F|  |TAMS 0x0000000704600000, 0x0000000704600000| Untracked 
|  24|0x0000000704800000, 0x0000000704800000, 0x0000000704a00000|  0%| F|  |TAMS 0x0000000704800000, 0x0000000704800000| Untracked 
|  25|0x0000000704a00000, 0x0000000704a00000, 0x0000000704c00000|  0%| F|  |TAMS 0x0000000704a00000, 0x0000000704a00000| Untracked 
|  26|0x0000000704c00000, 0x0000000704c00000, 0x0000000704e00000|  0%| F|  |TAMS 0x0000000704c00000, 0x0000000704c00000| Untracked 
|  27|0x0000000704e00000, 0x0000000704e00000, 0x0000000705000000|  0%| F|  |TAMS 0x0000000704e00000, 0x0000000704e00000| Untracked 
|  28|0x0000000705000000, 0x0000000705000000, 0x0000000705200000|  0%| F|  |TAMS 0x0000000705000000, 0x0000000705000000| Untracked 
|  29|0x0000000705200000, 0x0000000705200000, 0x0000000705400000|  0%| F|  |TAMS 0x0000000705200000, 0x0000000705200000| Untracked 
|  30|0x0000000705400000, 0x0000000705400000, 0x0000000705600000|  0%| F|  |TAMS 0x0000000705400000, 0x0000000705400000| Untracked 
|  31|0x0000000705600000, 0x0000000705600000, 0x0000000705800000|  0%| F|  |TAMS 0x0000000705600000, 0x0000000705600000| Untracked 
|  32|0x0000000705800000, 0x0000000705800000, 0x0000000705a00000|  0%| F|  |TAMS 0x0000000705800000, 0x0000000705800000| Untracked 
|  33|0x0000000705a00000, 0x0000000705a00000, 0x0000000705c00000|  0%| F|  |TAMS 0x0000000705a00000, 0x0000000705a00000| Untracked 
|  34|0x0000000705c00000, 0x0000000705c00000, 0x0000000705e00000|  0%| F|  |TAMS 0x0000000705c00000, 0x0000000705c00000| Untracked 
|  35|0x0000000705e00000, 0x0000000705e00000, 0x0000000706000000|  0%| F|  |TAMS 0x0000000705e00000, 0x0000000705e00000| Untracked 
|  36|0x0000000706000000, 0x0000000706000000, 0x0000000706200000|  0%| F|  |TAMS 0x0000000706000000, 0x0000000706000000| Untracked 
|  37|0x0000000706200000, 0x0000000706200000, 0x0000000706400000|  0%| F|  |TAMS 0x0000000706200000, 0x0000000706200000| Untracked 
|  38|0x0000000706400000, 0x0000000706400000, 0x0000000706600000|  0%| F|  |TAMS 0x0000000706400000, 0x0000000706400000| Untracked 
|  39|0x0000000706600000, 0x0000000706600000, 0x0000000706800000|  0%| F|  |TAMS 0x0000000706600000, 0x0000000706600000| Untracked 
|  40|0x0000000706800000, 0x0000000706800000, 0x0000000706a00000|  0%| F|  |TAMS 0x0000000706800000, 0x0000000706800000| Untracked 
|  41|0x0000000706a00000, 0x0000000706a00000, 0x0000000706c00000|  0%| F|  |TAMS 0x0000000706a00000, 0x0000000706a00000| Untracked 
|  42|0x0000000706c00000, 0x0000000706c00000, 0x0000000706e00000|  0%| F|  |TAMS 0x0000000706c00000, 0x0000000706c00000| Untracked 
|  43|0x0000000706e00000, 0x0000000706e00000, 0x0000000707000000|  0%| F|  |TAMS 0x0000000706e00000, 0x0000000706e00000| Untracked 
|  44|0x0000000707000000, 0x0000000707000000, 0x0000000707200000|  0%| F|  |TAMS 0x0000000707000000, 0x0000000707000000| Untracked 
|  45|0x0000000707200000, 0x0000000707200000, 0x0000000707400000|  0%| F|  |TAMS 0x0000000707200000, 0x0000000707200000| Untracked 
|  46|0x0000000707400000, 0x0000000707400000, 0x0000000707600000|  0%| F|  |TAMS 0x0000000707400000, 0x0000000707400000| Untracked 
|  47|0x0000000707600000, 0x0000000707600000, 0x0000000707800000|  0%| F|  |TAMS 0x0000000707600000, 0x0000000707600000| Untracked 
|  48|0x0000000707800000, 0x0000000707800000, 0x0000000707a00000|  0%| F|  |TAMS 0x0000000707800000, 0x0000000707800000| Untracked 
|  49|0x0000000707a00000, 0x0000000707a00000, 0x0000000707c00000|  0%| F|  |TAMS 0x0000000707a00000, 0x0000000707a00000| Untracked 
|  50|0x0000000707c00000, 0x0000000707c00000, 0x0000000707e00000|  0%| F|  |TAMS 0x0000000707c00000, 0x0000000707c00000| Untracked 
|  51|0x0000000707e00000, 0x0000000707e00000, 0x0000000708000000|  0%| F|  |TAMS 0x0000000707e00000, 0x0000000707e00000| Untracked 
|  52|0x0000000708000000, 0x0000000708000000, 0x0000000708200000|  0%| F|  |TAMS 0x0000000708000000, 0x0000000708000000| Untracked 
|  53|0x0000000708200000, 0x0000000708200000, 0x0000000708400000|  0%| F|  |TAMS 0x0000000708200000, 0x0000000708200000| Untracked 
|  54|0x0000000708400000, 0x0000000708400000, 0x0000000708600000|  0%| F|  |TAMS 0x0000000708400000, 0x0000000708400000| Untracked 
|  55|0x0000000708600000, 0x0000000708600000, 0x0000000708800000|  0%| F|  |TAMS 0x0000000708600000, 0x0000000708600000| Untracked 
|  56|0x0000000708800000, 0x0000000708800000, 0x0000000708a00000|  0%| F|  |TAMS 0x0000000708800000, 0x0000000708800000| Untracked 
|  57|0x0000000708a00000, 0x0000000708a00000, 0x0000000708c00000|  0%| F|  |TAMS 0x0000000708a00000, 0x0000000708a00000| Untracked 
|  58|0x0000000708c00000, 0x0000000708c00000, 0x0000000708e00000|  0%| F|  |TAMS 0x0000000708c00000, 0x0000000708c00000| Untracked 
|  59|0x0000000708e00000, 0x0000000708e00000, 0x0000000709000000|  0%| F|  |TAMS 0x0000000708e00000, 0x0000000708e00000| Untracked 
|  60|0x0000000709000000, 0x0000000709000000, 0x0000000709200000|  0%| F|  |TAMS 0x0000000709000000, 0x0000000709000000| Untracked 
|  61|0x0000000709200000, 0x0000000709200000, 0x0000000709400000|  0%| F|  |TAMS 0x0000000709200000, 0x0000000709200000| Untracked 
|  62|0x0000000709400000, 0x0000000709400000, 0x0000000709600000|  0%| F|  |TAMS 0x0000000709400000, 0x0000000709400000| Untracked 
|  63|0x0000000709600000, 0x0000000709600000, 0x0000000709800000|  0%| F|  |TAMS 0x0000000709600000, 0x0000000709600000| Untracked 
|  64|0x0000000709800000, 0x0000000709800000, 0x0000000709a00000|  0%| F|  |TAMS 0x0000000709800000, 0x0000000709800000| Untracked 
|  65|0x0000000709a00000, 0x0000000709a00000, 0x0000000709c00000|  0%| F|  |TAMS 0x0000000709a00000, 0x0000000709a00000| Untracked 
|  66|0x0000000709c00000, 0x0000000709c00000, 0x0000000709e00000|  0%| F|  |TAMS 0x0000000709c00000, 0x0000000709c00000| Untracked 
|  67|0x0000000709e00000, 0x0000000709e00000, 0x000000070a000000|  0%| F|  |TAMS 0x0000000709e00000, 0x0000000709e00000| Untracked 
|  68|0x000000070a000000, 0x000000070a000000, 0x000000070a200000|  0%| F|  |TAMS 0x000000070a000000, 0x000000070a000000| Untracked 
|  69|0x000000070a200000, 0x000000070a200000, 0x000000070a400000|  0%| F|  |TAMS 0x000000070a200000, 0x000000070a200000| Untracked 
|  70|0x000000070a400000, 0x000000070a400000, 0x000000070a600000|  0%| F|  |TAMS 0x000000070a400000, 0x000000070a400000| Untracked 
|  71|0x000000070a600000, 0x000000070a600000, 0x000000070a800000|  0%| F|  |TAMS 0x000000070a600000, 0x000000070a600000| Untracked 
|  72|0x000000070a800000, 0x000000070a800000, 0x000000070aa00000|  0%| F|  |TAMS 0x000000070a800000, 0x000000070a800000| Untracked 
|  73|0x000000070aa00000, 0x000000070aa00000, 0x000000070ac00000|  0%| F|  |TAMS 0x000000070aa00000, 0x000000070aa00000| Untracked 
|  74|0x000000070ac00000, 0x000000070ac00000, 0x000000070ae00000|  0%| F|  |TAMS 0x000000070ac00000, 0x000000070ac00000| Untracked 
|  75|0x000000070ae00000, 0x000000070ae00000, 0x000000070b000000|  0%| F|  |TAMS 0x000000070ae00000, 0x000000070ae00000| Untracked 
|  76|0x000000070b000000, 0x000000070b000000, 0x000000070b200000|  0%| F|  |TAMS 0x000000070b000000, 0x000000070b000000| Untracked 
|  77|0x000000070b200000, 0x000000070b200000, 0x000000070b400000|  0%| F|  |TAMS 0x000000070b200000, 0x000000070b200000| Untracked 
|  78|0x000000070b400000, 0x000000070b400000, 0x000000070b600000|  0%| F|  |TAMS 0x000000070b400000, 0x000000070b400000| Untracked 
|  79|0x000000070b600000, 0x000000070b600000, 0x000000070b800000|  0%| F|  |TAMS 0x000000070b600000, 0x000000070b600000| Untracked 
|  80|0x000000070b800000, 0x000000070b800000, 0x000000070ba00000|  0%| F|  |TAMS 0x000000070b800000, 0x000000070b800000| Untracked 
|  81|0x000000070ba00000, 0x000000070ba00000, 0x000000070bc00000|  0%| F|  |TAMS 0x000000070ba00000, 0x000000070ba00000| Untracked 
|  82|0x000000070bc00000, 0x000000070bc00000, 0x000000070be00000|  0%| F|  |TAMS 0x000000070bc00000, 0x000000070bc00000| Untracked 
|  83|0x000000070be00000, 0x000000070be00000, 0x000000070c000000|  0%| F|  |TAMS 0x000000070be00000, 0x000000070be00000| Untracked 
|  84|0x000000070c000000, 0x000000070c000000, 0x000000070c200000|  0%| F|  |TAMS 0x000000070c000000, 0x000000070c000000| Untracked 
|  85|0x000000070c200000, 0x000000070c200000, 0x000000070c400000|  0%| F|  |TAMS 0x000000070c200000, 0x000000070c200000| Untracked 
|  86|0x000000070c400000, 0x000000070c400000, 0x000000070c600000|  0%| F|  |TAMS 0x000000070c400000, 0x000000070c400000| Untracked 
|  87|0x000000070c600000, 0x000000070c600000, 0x000000070c800000|  0%| F|  |TAMS 0x000000070c600000, 0x000000070c600000| Untracked 
|  88|0x000000070c800000, 0x000000070c800000, 0x000000070ca00000|  0%| F|  |TAMS 0x000000070c800000, 0x000000070c800000| Untracked 
|  89|0x000000070ca00000, 0x000000070ca00000, 0x000000070cc00000|  0%| F|  |TAMS 0x000000070ca00000, 0x000000070ca00000| Untracked 
|  90|0x000000070cc00000, 0x000000070cc00000, 0x000000070ce00000|  0%| F|  |TAMS 0x000000070cc00000, 0x000000070cc00000| Untracked 
|  91|0x000000070ce00000, 0x000000070ce00000, 0x000000070d000000|  0%| F|  |TAMS 0x000000070ce00000, 0x000000070ce00000| Untracked 
|  92|0x000000070d000000, 0x000000070d000000, 0x000000070d200000|  0%| F|  |TAMS 0x000000070d000000, 0x000000070d000000| Untracked 
|  93|0x000000070d200000, 0x000000070d200000, 0x000000070d400000|  0%| F|  |TAMS 0x000000070d200000, 0x000000070d200000| Untracked 
|  94|0x000000070d400000, 0x000000070d400000, 0x000000070d600000|  0%| F|  |TAMS 0x000000070d400000, 0x000000070d400000| Untracked 
|  95|0x000000070d600000, 0x000000070d600000, 0x000000070d800000|  0%| F|  |TAMS 0x000000070d600000, 0x000000070d600000| Untracked 
|  96|0x000000070d800000, 0x000000070d800000, 0x000000070da00000|  0%| F|  |TAMS 0x000000070d800000, 0x000000070d800000| Untracked 
|  97|0x000000070da00000, 0x000000070da00000, 0x000000070dc00000|  0%| F|  |TAMS 0x000000070da00000, 0x000000070da00000| Untracked 
|  98|0x000000070dc00000, 0x000000070dc00000, 0x000000070de00000|  0%| F|  |TAMS 0x000000070dc00000, 0x000000070dc00000| Untracked 
|  99|0x000000070de00000, 0x000000070de00000, 0x000000070e000000|  0%| F|  |TAMS 0x000000070de00000, 0x000000070de00000| Untracked 
| 100|0x000000070e000000, 0x000000070e000000, 0x000000070e200000|  0%| F|  |TAMS 0x000000070e000000, 0x000000070e000000| Untracked 
| 101|0x000000070e200000, 0x000000070e200000, 0x000000070e400000|  0%| F|  |TAMS 0x000000070e200000, 0x000000070e200000| Untracked 
| 102|0x000000070e400000, 0x000000070e400000, 0x000000070e600000|  0%| F|  |TAMS 0x000000070e400000, 0x000000070e400000| Untracked 
| 103|0x000000070e600000, 0x000000070e600000, 0x000000070e800000|  0%| F|  |TAMS 0x000000070e600000, 0x000000070e600000| Untracked 
| 104|0x000000070e800000, 0x000000070e800000, 0x000000070ea00000|  0%| F|  |TAMS 0x000000070e800000, 0x000000070e800000| Untracked 
| 105|0x000000070ea00000, 0x000000070ea00000, 0x000000070ec00000|  0%| F|  |TAMS 0x000000070ea00000, 0x000000070ea00000| Untracked 
| 106|0x000000070ec00000, 0x000000070ec00000, 0x000000070ee00000|  0%| F|  |TAMS 0x000000070ec00000, 0x000000070ec00000| Untracked 
| 107|0x000000070ee00000, 0x000000070ee00000, 0x000000070f000000|  0%| F|  |TAMS 0x000000070ee00000, 0x000000070ee00000| Untracked 
| 108|0x000000070f000000, 0x000000070f000000, 0x000000070f200000|  0%| F|  |TAMS 0x000000070f000000, 0x000000070f000000| Untracked 
| 109|0x000000070f200000, 0x000000070f200000, 0x000000070f400000|  0%| F|  |TAMS 0x000000070f200000, 0x000000070f200000| Untracked 
| 110|0x000000070f400000, 0x000000070f400000, 0x000000070f600000|  0%| F|  |TAMS 0x000000070f400000, 0x000000070f400000| Untracked 
| 111|0x000000070f600000, 0x000000070f600000, 0x000000070f800000|  0%| F|  |TAMS 0x000000070f600000, 0x000000070f600000| Untracked 
| 112|0x000000070f800000, 0x000000070f800000, 0x000000070fa00000|  0%| F|  |TAMS 0x000000070f800000, 0x000000070f800000| Untracked 
| 113|0x000000070fa00000, 0x000000070fa00000, 0x000000070fc00000|  0%| F|  |TAMS 0x000000070fa00000, 0x000000070fa00000| Untracked 
| 114|0x000000070fc00000, 0x000000070fc00000, 0x000000070fe00000|  0%| F|  |TAMS 0x000000070fc00000, 0x000000070fc00000| Untracked 
| 115|0x000000070fe00000, 0x000000070fe00000, 0x0000000710000000|  0%| F|  |TAMS 0x000000070fe00000, 0x000000070fe00000| Untracked 
| 116|0x0000000710000000, 0x0000000710000000, 0x0000000710200000|  0%| F|  |TAMS 0x0000000710000000, 0x0000000710000000| Untracked 
| 117|0x0000000710200000, 0x0000000710200000, 0x0000000710400000|  0%| F|  |TAMS 0x0000000710200000, 0x0000000710200000| Untracked 
| 118|0x0000000710400000, 0x0000000710400000, 0x0000000710600000|  0%| F|  |TAMS 0x0000000710400000, 0x0000000710400000| Untracked 
| 119|0x0000000710600000, 0x0000000710600000, 0x0000000710800000|  0%| F|  |TAMS 0x0000000710600000, 0x0000000710600000| Untracked 
| 120|0x0000000710800000, 0x00000007109db2a8, 0x0000000710a00000| 92%| S|CS|TAMS 0x0000000710800000, 0x0000000710800000| Complete 
| 121|0x0000000710a00000, 0x0000000710b20e48, 0x0000000710c00000| 56%| E|  |TAMS 0x0000000710a00000, 0x0000000710a00000| Complete 
| 122|0x0000000710c00000, 0x0000000710e00000, 0x0000000710e00000|100%| E|CS|TAMS 0x0000000710c00000, 0x0000000710c00000| Complete 
| 123|0x0000000710e00000, 0x0000000711000000, 0x0000000711000000|100%| E|CS|TAMS 0x0000000710e00000, 0x0000000710e00000| Complete 
| 124|0x0000000711000000, 0x0000000711200000, 0x0000000711200000|100%| E|CS|TAMS 0x0000000711000000, 0x0000000711000000| Complete 
| 125|0x0000000711200000, 0x0000000711400000, 0x0000000711400000|100%| E|CS|TAMS 0x0000000711200000, 0x0000000711200000| Complete 
| 126|0x0000000711400000, 0x0000000711600000, 0x0000000711600000|100%| E|CS|TAMS 0x0000000711400000, 0x0000000711400000| Complete 
| 127|0x0000000711600000, 0x0000000711800000, 0x0000000711800000|100%| E|CS|TAMS 0x0000000711600000, 0x0000000711600000| Complete 

Card table byte_map: [0x000002c54e400000,0x000002c54ec00000] _byte_map_base: 0x000002c54abf4000

Marking Bits (Prev, Next): (CMBitMap*) 0x000002c536ea2b80, (CMBitMap*) 0x000002c536ea2bc0
 Prev Bits: [0x000002c54f400000, 0x000002c5533a0000)
 Next Bits: [0x000002c5533a0000, 0x000002c557340000)

Polling page: 0x000002c534d30000

Metaspace:

Usage:
  Non-class:     12.06 MB used.
      Class:      1.58 MB used.
       Both:     13.64 MB used.

Virtual space:
  Non-class space:       64.00 MB reserved,      12.19 MB ( 19%) committed,  1 nodes.
      Class space:        1.00 GB reserved,       1.69 MB ( <1%) committed,  1 nodes.
             Both:        1.06 GB reserved,      13.88 MB (  1%) committed. 

Chunk freelists:
   Non-Class:  2.88 MB
       Class:  14.12 MB
        Both:  17.00 MB

MaxMetaspaceSize: unlimited
CompressedClassSpaceSize: 1.00 GB
Initial GC threshold: 21.00 MB
Current GC threshold: 21.00 MB
CDS: on
MetaspaceReclaimPolicy: balanced
 - commit_granule_bytes: 65536.
 - commit_granule_words: 8192.
 - virtual_space_node_default_size: 8388608.
 - enlarge_chunks_in_place: 1.
 - new_chunks_are_fully_committed: 0.
 - uncommit_free_chunks: 1.
 - use_allocation_guard: 0.
 - handle_deallocations: 1.


Internal statistics:

num_allocs_failed_limit: 0.
num_arena_births: 226.
num_arena_deaths: 0.
num_vsnodes_births: 2.
num_vsnodes_deaths: 0.
num_space_committed: 222.
num_space_uncommitted: 0.
num_chunks_returned_to_freelist: 0.
num_chunks_taken_from_freelist: 485.
num_chunk_merges: 0.
num_chunk_splits: 262.
num_chunks_enlarged: 146.
num_inconsistent_stats: 0.

CodeHeap 'non-profiled nmethods': size=120000Kb used=670Kb max_used=670Kb free=119329Kb
 bounds [0x000002c546180000, 0x000002c5463f0000, 0x000002c54d6b0000]
CodeHeap 'profiled nmethods': size=120000Kb used=3408Kb max_used=3408Kb free=116591Kb
 bounds [0x000002c53e6b0000, 0x000002c53ea10000, 0x000002c545be0000]
CodeHeap 'non-nmethods': size=5760Kb used=1173Kb max_used=1219Kb free=4586Kb
 bounds [0x000002c545be0000, 0x000002c545e50000, 0x000002c546180000]
 total_blobs=2195 nmethods=1726 adapters=382
 compilation: enabled
              stopped_count=0, restarted_count=0
 full_count=0

Compilation events (20 events):
Event: 3.120 Thread 0x000002c59b038770 1706       3       jdk.internal.reflect.ClassFileAssembler::emitConstantPoolClass (23 bytes)
Event: 3.120 Thread 0x000002c59b038770 nmethod 1706 0x000002c53e9f3990 code [0x000002c53e9f3b80, 0x000002c53e9f3fe8]
Event: 3.121 Thread 0x000002c59b038770 1707       3       java.util.HashSet::add (20 bytes)
Event: 3.121 Thread 0x000002c59b038770 nmethod 1707 0x000002c53e9f4290 code [0x000002c53e9f4440, 0x000002c53e9f4688]
Event: 3.124 Thread 0x000002c59b038770 1708       3       java.util.logging.Logger::isLoggable (27 bytes)
Event: 3.124 Thread 0x000002c59b038770 nmethod 1708 0x000002c53e9f4790 code [0x000002c53e9f4940, 0x000002c53e9f4b18]
Event: 3.126 Thread 0x000002c59b038770 1710       3       jdk.internal.reflect.ClassFileAssembler::emitConstantPoolMethodref (28 bytes)
Event: 3.126 Thread 0x000002c59b038770 nmethod 1710 0x000002c53e9f4c10 code [0x000002c53e9f4e40, 0x000002c53e9f5508]
Event: 3.126 Thread 0x000002c59b038770 1711       1       jdk.internal.reflect.ClassFileAssembler::getStack (5 bytes)
Event: 3.126 Thread 0x000002c59b038770 nmethod 1711 0x000002c546223b10 code [0x000002c546223ca0, 0x000002c546223d78]
Event: 3.126 Thread 0x000002c59b038770 1712       3       java.io.ObjectStreamClass::requireInitialized (19 bytes)
Event: 3.127 Thread 0x000002c59b038770 nmethod 1712 0x000002c53e9f5890 code [0x000002c53e9f5a40, 0x000002c53e9f5c48]
Event: 3.127 Thread 0x000002c59b038770 1713       1       java.util.Collections$EmptyMap::get (2 bytes)
Event: 3.127 Thread 0x000002c59b038770 nmethod 1713 0x000002c546223e10 code [0x000002c546223fa0, 0x000002c546224078]
Event: 3.141 Thread 0x000002c5a10e78f0 nmethod 1685 0x000002c546224110 code [0x000002c546224300, 0x000002c5462257d8]
Event: 3.141 Thread 0x000002c5a10e78f0 1699       4       sun.security.provider.SHA::implCompress0 (506 bytes)
Event: 4.166 Thread 0x000002c5a10e78f0 nmethod 1699 0x000002c546226010 code [0x000002c5462261c0, 0x000002c546226f58]
Event: 4.166 Thread 0x000002c5a10e78f0 1709       4       jdk.internal.reflect.ByteVectorImpl::getLength (7 bytes)
Event: 4.166 Thread 0x000002c5a10e78f0 nmethod 1709 0x000002c546227490 code [0x000002c546227600, 0x000002c546227678]
Event: 5.165 Thread 0x000002c5a10e78f0 1714  s!   4       jdk.internal.loader.URLClassPath::getLoader (194 bytes)

GC Heap History (4 events):
Event: 0.578 GC heap before
{Heap before GC invocations=0 (full 0):
 garbage-first heap   total 262144K, used 20480K [0x0000000701800000, 0x0000000800000000)
  region size 2048K, 11 young (22528K), 0 survivors (0K)
 Metaspace       used 5044K, committed 5184K, reserved 1114112K
  class space    used 468K, committed 512K, reserved 1048576K
}
Event: 0.582 GC heap after
{Heap after GC invocations=1 (full 0):
 garbage-first heap   total 262144K, used 12165K [0x0000000701800000, 0x0000000800000000)
  region size 2048K, 2 young (4096K), 2 survivors (4096K)
 Metaspace       used 5044K, committed 5184K, reserved 1114112K
  class space    used 468K, committed 512K, reserved 1048576K
}
Event: 0.861 GC heap before
{Heap before GC invocations=1 (full 0):
 garbage-first heap   total 262144K, used 24453K [0x0000000701800000, 0x0000000800000000)
  region size 2048K, 9 young (18432K), 2 survivors (4096K)
 Metaspace       used 10178K, committed 10368K, reserved 1114112K
  class space    used 1100K, committed 1216K, reserved 1048576K
}
Event: 0.864 GC heap after
{Heap after GC invocations=2 (full 0):
 garbage-first heap   total 262144K, used 13787K [0x0000000701800000, 0x0000000800000000)
  region size 2048K, 1 young (2048K), 1 survivors (2048K)
 Metaspace       used 10178K, committed 10368K, reserved 1114112K
  class space    used 1100K, committed 1216K, reserved 1048576K
}

Deoptimization events (20 events):
Event: 0.994 Thread 0x000002c536e32bd0 DEOPT PACKING pc=0x000002c546205168 sp=0x000000e565af9340
Event: 0.994 Thread 0x000002c536e32bd0 DEOPT UNPACKING pc=0x000002c545c323a3 sp=0x000000e565af9270 mode 2
Event: 0.994 Thread 0x000002c536e32bd0 Uncommon trap: trap_request=0xffffffc6 fr.pc=0x000002c5462051dc relative=0x000000000000149c
Event: 0.994 Thread 0x000002c536e32bd0 Uncommon trap: reason=bimorphic_or_optimized_type_check action=maybe_recompile pc=0x000002c5462051dc method=java.util.HashMap.putVal(ILjava/lang/Object;Ljava/lang/Object;ZZ)Ljava/lang/Object; @ 152 c2
Event: 0.994 Thread 0x000002c536e32bd0 DEOPT PACKING pc=0x000002c5462051dc sp=0x000000e565af9340
Event: 0.994 Thread 0x000002c536e32bd0 DEOPT UNPACKING pc=0x000002c545c323a3 sp=0x000000e565af9278 mode 2
Event: 0.994 Thread 0x000002c536e32bd0 Uncommon trap: trap_request=0xffffffc6 fr.pc=0x000002c546205168 relative=0x0000000000001428
Event: 0.994 Thread 0x000002c536e32bd0 Uncommon trap: reason=bimorphic_or_optimized_type_check action=maybe_recompile pc=0x000002c546205168 method=java.util.HashMap.putVal(ILjava/lang/Object;Ljava/lang/Object;ZZ)Ljava/lang/Object; @ 56 c2
Event: 0.994 Thread 0x000002c536e32bd0 DEOPT PACKING pc=0x000002c546205168 sp=0x000000e565af9340
Event: 0.994 Thread 0x000002c536e32bd0 DEOPT UNPACKING pc=0x000002c545c323a3 sp=0x000000e565af9270 mode 2
Event: 1.033 Thread 0x000002c59b026ff0 Uncommon trap: trap_request=0xffffff45 fr.pc=0x000002c5461fcda4 relative=0x0000000000000364
Event: 1.033 Thread 0x000002c59b026ff0 Uncommon trap: reason=unstable_if action=reinterpret pc=0x000002c5461fcda4 method=java.util.HashMap.getNode(Ljava/lang/Object;)Ljava/util/HashMap$Node; @ 66 c2
Event: 1.033 Thread 0x000002c59b026ff0 DEOPT PACKING pc=0x000002c5461fcda4 sp=0x000000e5664fddd0
Event: 1.033 Thread 0x000002c59b026ff0 DEOPT UNPACKING pc=0x000002c545c323a3 sp=0x000000e5664fdcf0 mode 2
Event: 3.118 Thread 0x000002c5a1045140 DEOPT PACKING pc=0x000002c53e935ef2 sp=0x000000e566bfdca0
Event: 3.118 Thread 0x000002c5a1045140 DEOPT UNPACKING pc=0x000002c545c32b43 sp=0x000000e566bfd118 mode 0
Event: 3.128 Thread 0x000002c5a1045140 Uncommon trap: trap_request=0xffffffde fr.pc=0x000002c5461da834 relative=0x0000000000000474
Event: 3.128 Thread 0x000002c5a1045140 Uncommon trap: reason=class_check action=maybe_recompile pc=0x000002c5461da834 method=java.util.HashMap.getNode(Ljava/lang/Object;)Ljava/util/HashMap$Node; @ 128 c2
Event: 3.128 Thread 0x000002c5a1045140 DEOPT PACKING pc=0x000002c5461da834 sp=0x000000e566bfee30
Event: 3.128 Thread 0x000002c5a1045140 DEOPT UNPACKING pc=0x000002c545c323a3 sp=0x000000e566bfeda8 mode 2

Classes unloaded (0 events):
No events

Classes redefined (1 events):
Event: 0.259 Thread 0x000002c59b007e40 redefined class name=java.lang.Throwable, count=1

Internal exceptions (20 events):
Event: 0.870 Thread 0x000002c536e32bd0 Exception <a 'java/lang/NoSuchMethodError'{0x00000007116dc630}: 'void java.lang.invoke.DirectMethodHandle$Holder.invokeStaticInit(java.lang.Object, java.lang.Object, java.lang.Object, java.lang.Object)'> (0x00000007116dc630) 
thrown [s\open\src\hotspot\share\interpreter\linkResolver.cpp, line 759]
Event: 0.883 Thread 0x000002c536e32bd0 Exception <a 'java/lang/NoSuchMethodError'{0x000000071174ef80}: 'int java.lang.invoke.DirectMethodHandle$Holder.invokeStaticInit(java.lang.Object, java.lang.Object)'> (0x000000071174ef80) 
thrown [s\open\src\hotspot\share\interpreter\linkResolver.cpp, line 759]
Event: 0.897 Thread 0x000002c59b026ff0 Exception <a 'java/lang/NoSuchMethodError'{0x00000007114f6168}: 'java.lang.Object java.lang.invoke.DirectMethodHandle$Holder.invokeStaticInit(java.lang.Object, int, int, int, int)'> (0x00000007114f6168) 
thrown [s\open\src\hotspot\share\interpreter\linkResolver.cpp, line 759]
Event: 0.944 Thread 0x000002c536e32bd0 Exception <a 'java/lang/NoSuchMethodError'{0x00000007112903c0}: 'java.lang.Object java.lang.invoke.DirectMethodHandle$Holder.newInvokeSpecial(java.lang.Object, java.lang.Object, java.lang.Object, java.lang.Object, java.lang.Object, java.lang.Object, java.lang.Object)'> (0x00000007112903c0) 
thrown [s\open\src\hotspot\share\interpreter\linkResolver.cpp, line 759]
Event: 0.944 Thread 0x000002c536e32bd0 Exception <a 'java/lang/NoSuchMethodError'{0x0000000711294f98}: 'java.lang.Object java.lang.invoke.Invokers$Holder.linkToTargetMethod(java.lang.Object, java.lang.Object, java.lang.Object, java.lang.Object, java.lang.Object, java.lang.Object, java.lang.Object)'> (0x0000000711294f98) 
thrown [s\open\src\hotspot\share\interpreter\linkResolver.cpp, line 759]
Event: 0.946 Thread 0x000002c536e32bd0 Exception <a 'java/lang/NoSuchMethodError'{0x00000007112a6e60}: 'java.lang.Object java.lang.invoke.DirectMethodHandle$Holder.invokeInterface(java.lang.Object, java.lang.Object, java.lang.Object, java.lang.Object, java.lang.Object)'> (0x00000007112a6e60) 
thrown [s\open\src\hotspot\share\interpreter\linkResolver.cpp, line 759]
Event: 0.946 Thread 0x000002c536e32bd0 Exception <a 'java/lang/IncompatibleClassChangeError'{0x00000007112aac78}: Found class java.lang.Object, but interface was expected> (0x00000007112aac78) 
thrown [s\open\src\hotspot\share\interpreter\linkResolver.cpp, line 826]
Event: 0.983 Thread 0x000002c536e32bd0 Exception <a 'java/lang/reflect/InvocationTargetException'{0x00000007110a64a0}> (0x00000007110a64a0) 
thrown [s\open\src\hotspot\share\runtime\reflection.cpp, line 1121]
Event: 0.984 Thread 0x000002c536e32bd0 Exception <a 'java/lang/NoSuchMethodError'{0x00000007110acbf0}: 'java.lang.Object java.lang.invoke.DirectMethodHandle$Holder.invokeStatic(java.lang.Object, java.lang.Object, long, java.lang.Object)'> (0x00000007110acbf0) 
thrown [s\open\src\hotspot\share\interpreter\linkResolver.cpp, line 759]
Event: 0.984 Thread 0x000002c536e32bd0 Exception <a 'java/lang/NoSuchMethodError'{0x00000007110b0bf8}: 'java.lang.Object java.lang.invoke.DirectMethodHandle$Holder.invokeStaticInit(java.lang.Object, java.lang.Object, long, java.lang.Object)'> (0x00000007110b0bf8) 
thrown [s\open\src\hotspot\share\interpreter\linkResolver.cpp, line 759]
Event: 0.985 Thread 0x000002c536e32bd0 Exception <a 'java/lang/NoSuchMethodError'{0x00000007110b76e8}: 'java.lang.Object java.lang.invoke.DirectMethodHandle$Holder.newInvokeSpecial(java.lang.Object, java.lang.Object, long)'> (0x00000007110b76e8) 
thrown [s\open\src\hotspot\share\interpreter\linkResolver.cpp, line 759]
Event: 0.985 Thread 0x000002c536e32bd0 Exception <a 'java/lang/NoSuchMethodError'{0x00000007110bb7c8}: 'java.lang.Object java.lang.invoke.Invokers$Holder.linkToTargetMethod(java.lang.Object, long, java.lang.Object)'> (0x00000007110bb7c8) 
thrown [s\open\src\hotspot\share\interpreter\linkResolver.cpp, line 759]
Event: 1.000 Thread 0x000002c536e32bd0 Exception <a 'java/lang/NoSuchMethodError'{0x000000071110b828}: 'void java.lang.invoke.DirectMethodHandle$Holder.invokeStatic(java.lang.Object, long)'> (0x000000071110b828) 
thrown [s\open\src\hotspot\share\interpreter\linkResolver.cpp, line 759]
Event: 1.000 Thread 0x000002c536e32bd0 Exception <a 'java/lang/NoSuchMethodError'{0x0000000711111140}: 'java.lang.Object java.lang.invoke.DirectMethodHandle$Holder.newInvokeSpecial(java.lang.Object, long)'> (0x0000000711111140) 
thrown [s\open\src\hotspot\share\interpreter\linkResolver.cpp, line 759]
Event: 1.011 Thread 0x000002c59b026ff0 Exception <a 'java/lang/NoSuchMethodError'{0x0000000710e2bc10}: 'java.lang.Object java.lang.invoke.DirectMethodHandle$Holder.invokeStaticInit(java.lang.Object, java.lang.Object, int, int, int, int)'> (0x0000000710e2bc10) 
thrown [s\open\src\hotspot\share\interpreter\linkResolver.cpp, line 759]
Event: 1.028 Thread 0x000002c59b026ff0 Exception <a 'java/lang/ClassNotFoundException'{0x0000000710e58de0}: javax/management/remote/rmi/RMIServerImpl_Skel> (0x0000000710e58de0) 
thrown [s\open\src\hotspot\share\classfile\systemDictionary.cpp, line 256]
Event: 3.080 Thread 0x000002c536e32bd0 Exception <a 'java/lang/reflect/InvocationTargetException'{0x0000000711179c60}> (0x0000000711179c60) 
thrown [s\open\src\hotspot\share\runtime\reflection.cpp, line 1121]
Event: 3.095 Thread 0x000002c536e32bd0 Exception <a 'java/lang/reflect/InvocationTargetException'{0x0000000710c5dcf0}> (0x0000000710c5dcf0) 
thrown [s\open\src\hotspot\share\runtime\reflection.cpp, line 1121]
Event: 3.108 Thread 0x000002c5a1045140 Exception <a 'java/lang/NoSuchMethodError'{0x0000000710d28010}: static [B.<clinit>()V> (0x0000000710d28010) 
thrown [s\open\src\hotspot\share\prims\jni.cpp, line 1107]
Event: 3.117 Thread 0x000002c5a1045140 Exception <a 'java/lang/ClassNotFoundException'{0x0000000710d69198}: javax/management/remote/rmi/RMIConnectionImpl_Skel> (0x0000000710d69198) 
thrown [s\open\src\hotspot\share\classfile\systemDictionary.cpp, line 256]

VM Operations (20 events):
Event: 0.874 Executing VM operation: HandshakeAllThreads
Event: 0.874 Executing VM operation: HandshakeAllThreads done
Event: 0.884 Executing VM operation: HandshakeAllThreads
Event: 0.884 Executing VM operation: HandshakeAllThreads done
Event: 0.949 Executing VM operation: HandshakeAllThreads
Event: 0.949 Executing VM operation: HandshakeAllThreads done
Event: 0.974 Executing VM operation: HandshakeAllThreads
Event: 0.974 Executing VM operation: HandshakeAllThreads done
Event: 0.994 Executing VM operation: HandshakeAllThreads
Event: 0.994 Executing VM operation: HandshakeAllThreads done
Event: 2.002 Executing VM operation: Cleanup
Event: 2.002 Executing VM operation: Cleanup done
Event: 3.081 Executing VM operation: HandshakeAllThreads
Event: 3.081 Executing VM operation: HandshakeAllThreads done
Event: 3.081 Executing VM operation: Cleanup
Event: 3.081 Executing VM operation: Cleanup done
Event: 3.116 Executing VM operation: HandshakeAllThreads
Event: 3.116 Executing VM operation: HandshakeAllThreads done
Event: 4.123 Executing VM operation: Cleanup
Event: 4.123 Executing VM operation: Cleanup done

Events (20 events):
Event: 3.119 loading class javax/management/remote/JMXConnectionNotification
Event: 3.120 loading class javax/management/remote/JMXConnectionNotification done
Event: 3.121 loading class sun/rmi/transport/DGCAckHandler
Event: 3.121 loading class sun/rmi/transport/DGCAckHandler done
Event: 3.122 loading class sun/rmi/transport/DGCAckHandler$1
Event: 3.122 loading class sun/rmi/transport/DGCAckHandler$1 done
Event: 3.124 loading class java/nio/charset/CharacterCodingException
Event: 3.125 loading class java/nio/charset/CharacterCodingException done
Event: 3.126 loading class javax/management/MalformedObjectNameException
Event: 3.126 loading class javax/management/MalformedObjectNameException done
Event: 3.127 loading class javax/management/remote/rmi/RMIConnectionImpl$PrivilegedOperation
Event: 3.127 loading class javax/management/remote/rmi/RMIConnectionImpl$PrivilegedOperation done
Event: 3.128 loading class sun/reflect/misc/MethodUtil
Event: 3.129 loading class sun/reflect/misc/MethodUtil done
Event: 3.129 loading class sun/reflect/misc/MethodUtil$1
Event: 3.129 loading class sun/reflect/misc/MethodUtil$1 done
Event: 3.130 loading class java/security/AllPermissionCollection
Event: 3.130 loading class java/security/AllPermissionCollection done
Event: 5.165 loading class org/mockito/internal/util/reflection/ReflectionMemberAccessor
Event: 5.165 loading class org/mockito/internal/util/reflection/ReflectionMemberAccessor done


Dynamic libraries:
0x00007ff79ae50000 - 0x00007ff79ae60000 	C:\Program Files\Java\jdk-17\bin\java.exe
0x00007ffb8f120000 - 0x00007ffb8f388000 	C:\WINDOWS\SYSTEM32\ntdll.dll
0x00007ffb8d530000 - 0x00007ffb8d5f9000 	C:\WINDOWS\System32\KERNEL32.DLL
0x00007ffb8cad0000 - 0x00007ffb8cebd000 	C:\WINDOWS\System32\KERNELBASE.dll
0x00007ffb8c300000 - 0x00007ffb8c44b000 	C:\WINDOWS\System32\ucrtbase.dll
0x00007ffb73ed0000 - 0x00007ffb73ee9000 	C:\Program Files\Java\jdk-17\bin\jli.dll
0x00007ffb87010000 - 0x00007ffb8702b000 	C:\Program Files\Java\jdk-17\bin\VCRUNTIME140.dll
0x00007ffb8d7d0000 - 0x00007ffb8d884000 	C:\WINDOWS\System32\ADVAPI32.dll
0x00007ffb8d720000 - 0x00007ffb8d7c9000 	C:\WINDOWS\System32\msvcrt.dll
0x00007ffb8e730000 - 0x00007ffb8e7d6000 	C:\WINDOWS\System32\sechost.dll
0x00007ffb8d600000 - 0x00007ffb8d718000 	C:\WINDOWS\System32\RPCRT4.dll
0x00007ffb8e450000 - 0x00007ffb8e61c000 	C:\WINDOWS\System32\USER32.dll
0x00007ffb754e0000 - 0x00007ffb7577a000 	C:\WINDOWS\WinSxS\amd64_microsoft.windows.common-controls_6595b64144ccf1df_6.0.26100.4484_none_3e0e6d4ce32ef3b3\COMCTL32.dll
0x00007ffb8c590000 - 0x00007ffb8c5b7000 	C:\WINDOWS\System32\win32u.dll
0x00007ffb8d2d0000 - 0x00007ffb8d2fb000 	C:\WINDOWS\System32\GDI32.dll
0x00007ffb8c450000 - 0x00007ffb8c587000 	C:\WINDOWS\System32\gdi32full.dll
0x00007ffb8c720000 - 0x00007ffb8c7c3000 	C:\WINDOWS\System32\msvcp_win.dll
0x00007ffb862e0000 - 0x00007ffb862eb000 	C:\WINDOWS\SYSTEM32\VERSION.dll
0x00007ffb8cfb0000 - 0x00007ffb8cfdf000 	C:\WINDOWS\System32\IMM32.DLL
0x00007ffb867b0000 - 0x00007ffb867bc000 	C:\Program Files\Java\jdk-17\bin\vcruntime140_1.dll
0x00007ffb6fe00000 - 0x00007ffb6fe8e000 	C:\Program Files\Java\jdk-17\bin\msvcp140.dll
0x00007ffb06720000 - 0x00007ffb07301000 	C:\Program Files\Java\jdk-17\bin\server\jvm.dll
0x00007ffb8e7e0000 - 0x00007ffb8e7e8000 	C:\WINDOWS\System32\PSAPI.DLL
0x00007ffb86fe0000 - 0x00007ffb86fea000 	C:\WINDOWS\SYSTEM32\WSOCK32.dll
0x00007ffb7ea00000 - 0x00007ffb7ea35000 	C:\WINDOWS\SYSTEM32\WINMM.dll
0x00007ffb8cf30000 - 0x00007ffb8cfa4000 	C:\WINDOWS\System32\WS2_32.dll
0x00007ffb8afd0000 - 0x00007ffb8afeb000 	C:\WINDOWS\SYSTEM32\kernel.appcore.dll
0x00007ffb73ec0000 - 0x00007ffb73eca000 	C:\Program Files\Java\jdk-17\bin\jimage.dll
0x00007ffb7a650000 - 0x00007ffb7a891000 	C:\WINDOWS\SYSTEM32\DBGHELP.DLL
0x00007ffb8d890000 - 0x00007ffb8dc16000 	C:\WINDOWS\System32\combase.dll
0x00007ffb8eff0000 - 0x00007ffb8f0d0000 	C:\WINDOWS\System32\OLEAUT32.dll
0x00007ffb679e0000 - 0x00007ffb67a23000 	C:\WINDOWS\SYSTEM32\dbgcore.DLL
0x00007ffb8c680000 - 0x00007ffb8c719000 	C:\WINDOWS\System32\bcryptPrimitives.dll
0x00007ffb737b0000 - 0x00007ffb737be000 	C:\Program Files\Java\jdk-17\bin\instrument.dll
0x00007ffb72920000 - 0x00007ffb72945000 	C:\Program Files\Java\jdk-17\bin\java.dll
0x00007ffb72550000 - 0x00007ffb72568000 	C:\Program Files\Java\jdk-17\bin\zip.dll
0x00007ffb6f000000 - 0x00007ffb6f0d7000 	C:\Program Files\Java\jdk-17\bin\jsvml.dll
0x00007ffb8e7f0000 - 0x00007ffb8ef3a000 	C:\WINDOWS\System32\SHELL32.dll
0x00007ffb8c7d0000 - 0x00007ffb8c944000 	C:\WINDOWS\System32\wintypes.dll
0x00007ffb89e90000 - 0x00007ffb8a6eb000 	C:\WINDOWS\SYSTEM32\windows.storage.dll
0x00007ffb8e630000 - 0x00007ffb8e725000 	C:\WINDOWS\System32\SHCORE.dll
0x00007ffb8cec0000 - 0x00007ffb8cf2a000 	C:\WINDOWS\System32\shlwapi.dll
0x00007ffb8c180000 - 0x00007ffb8c1af000 	C:\WINDOWS\SYSTEM32\profapi.dll
0x00007ffb727a0000 - 0x00007ffb727b9000 	C:\Program Files\Java\jdk-17\bin\net.dll
0x00007ffb83700000 - 0x00007ffb8381e000 	C:\WINDOWS\SYSTEM32\WINHTTP.dll
0x00007ffb8b540000 - 0x00007ffb8b5aa000 	C:\WINDOWS\system32\mswsock.dll
0x00007ffb72780000 - 0x00007ffb72796000 	C:\Program Files\Java\jdk-17\bin\nio.dll
0x00007ffb8aa70000 - 0x00007ffb8ab96000 	C:\WINDOWS\SYSTEM32\DNSAPI.dll
0x00007ffb8a9e0000 - 0x00007ffb8aa13000 	C:\WINDOWS\SYSTEM32\IPHLPAPI.DLL
0x00007ffb8d0a0000 - 0x00007ffb8d0aa000 	C:\WINDOWS\System32\NSI.dll
0x00007ffb7dc70000 - 0x00007ffb7dc7b000 	C:\Windows\System32\rasadhlp.dll
0x00007ffb7e760000 - 0x00007ffb7e7e6000 	C:\WINDOWS\System32\fwpuclnt.dll
0x00007ffb73770000 - 0x00007ffb7377a000 	C:\Program Files\Java\jdk-17\bin\management.dll
0x00007ffb72540000 - 0x00007ffb7254b000 	C:\Program Files\Java\jdk-17\bin\management_ext.dll
0x00007ffb8b920000 - 0x00007ffb8b93b000 	C:\WINDOWS\SYSTEM32\CRYPTSP.dll
0x00007ffb8af30000 - 0x00007ffb8af6b000 	C:\WINDOWS\system32\rsaenh.dll
0x00007ffb8b5e0000 - 0x00007ffb8b60b000 	C:\WINDOWS\SYSTEM32\USERENV.dll
0x00007ffb8c150000 - 0x00007ffb8c176000 	C:\WINDOWS\SYSTEM32\bcrypt.dll
0x00007ffb8b780000 - 0x00007ffb8b78c000 	C:\WINDOWS\SYSTEM32\CRYPTBASE.dll
0x00007ffb83660000 - 0x00007ffb8367f000 	C:\WINDOWS\SYSTEM32\dhcpcsvc6.DLL
0x00007ffb83630000 - 0x00007ffb83655000 	C:\WINDOWS\SYSTEM32\dhcpcsvc.DLL
0x00007ffb72530000 - 0x00007ffb72540000 	C:\Program Files\Java\jdk-17\bin\verify.dll
0x00007ffb12590000 - 0x00007ffb125a8000 	C:\WINDOWS\system32\napinsp.dll
0x00007ffb12570000 - 0x00007ffb12582000 	C:\WINDOWS\System32\winrnr.dll
0x00007ffb12530000 - 0x00007ffb12560000 	C:\WINDOWS\system32\nlansp_c.dll
0x00007ffb60de0000 - 0x00007ffb60e00000 	C:\WINDOWS\system32\wshbth.dll
0x00007ffb72950000 - 0x00007ffb7299e000 	C:\WINDOWS\SYSTEM32\pdh.dll

dbghelp: loaded successfully - version: 4.0.5 - missing functions: none
symbol engine: initialized successfully - sym options: 0x614 - pdb path: .;C:\Program Files\Java\jdk-17\bin;C:\WINDOWS\SYSTEM32;C:\WINDOWS\WinSxS\amd64_microsoft.windows.common-controls_6595b64144ccf1df_6.0.26100.4484_none_3e0e6d4ce32ef3b3;C:\Program Files\Java\jdk-17\bin\server

VM Arguments:
jvm_args: -javaagent:C:\Users\-Pc-\AppData\Local\JetBrains\IntelliJIdea2025.1\captureAgent\debugger-agent.jar=file:///C:/Users/-Pc-/AppData/Local/Temp/capture6915545795488668280.props -ea --enable-preview -Didea.test.cyclic.buffer.size=1048576 -javaagent:D:\JetBrains\IntelliJ IDEA 2025.1.2\lib\idea_rt.jar=53584 -Dkotlinx.coroutines.debug.enable.creation.stack.trace=false -Ddebugger.agent.enable.coroutines=true -Dkotlinx.coroutines.debug.enable.flows.stack.trace=true -Dkotlinx.coroutines.debug.enable.mutable.state.flows.stack.trace=true -Dfile.encoding=UTF-8 
java_command: com.intellij.rt.junit.JUnitStarter -ideVersion5 -junit5 sep490.com.example.hrms_backend.service.impl.SalaryServiceImplTest
java_class_path (initial): C:\Users\-Pc-\.m2\repository\org\junit\platform\junit-platform-launcher\1.10.2\junit-platform-launcher-1.10.2.jar;D:\JetBrains\IntelliJ IDEA 2025.1.2\lib\idea_rt.jar;D:\JetBrains\IntelliJ IDEA 2025.1.2\plugins\junit\lib\junit5-rt.jar;D:\JetBrains\IntelliJ IDEA 2025.1.2\plugins\junit\lib\junit-rt.jar;D:\Programming\Capstone\elts-vina_hrm\hrms-backend\target\test-classes;D:\Programming\Capstone\elts-vina_hrm\hrms-backend\target\classes;C:\Users\-Pc-\.m2\repository\org\springframework\boot\spring-boot-starter-actuator\3.2.5\spring-boot-starter-actuator-3.2.5.jar;C:\Users\-Pc-\.m2\repository\org\springframework\boot\spring-boot-starter\3.2.5\spring-boot-starter-3.2.5.jar;C:\Users\-Pc-\.m2\repository\org\springframework\boot\spring-boot-starter-logging\3.2.5\spring-boot-starter-logging-3.2.5.jar;C:\Users\-Pc-\.m2\repository\ch\qos\logback\logback-classic\1.4.14\logback-classic-1.4.14.jar;C:\Users\-Pc-\.m2\repository\ch\qos\logback\logback-core\1.4.14\logback-core-1.4.14.jar;C:\Users\-Pc-\.m2\repository\org\apache\logging\log4j\log4j-to-slf4j\2.21.1\log4j-to-slf4j-2.21.1.jar;C:\Users\-Pc-\.m2\repository\org\slf4j\jul-to-slf4j\2.0.13\jul-to-slf4j-2.0.13.jar;C:\Users\-Pc-\.m2\repository\jakarta\annotation\jakarta.annotation-api\2.1.1\jakarta.annotation-api-2.1.1.jar;C:\Users\-Pc-\.m2\repository\org\yaml\snakeyaml\2.2\snakeyaml-2.2.jar;C:\Users\-Pc-\.m2\repository\org\springframework\boot\spring-boot-actuator-autoconfigure\3.2.5\spring-boot-actuator-autoconfigure-3.2.5.jar;C:\Users\-Pc-\.m2\repository\org\springframework\boot\spring-boot-actuator\3.2.5\spring-boot-actuator-3.2.5.jar;C:\Users\-Pc-\.m2\repository\com\fasterxml\jackson\datatype\jackson-datatype-jsr310\2.15.4\jackson-datatype-jsr310-2.15.4.jar;C:\Users\-Pc-\.m2\repository\io\micrometer\micrometer-observation\1.12.5\micrometer-observation-1.12.5.jar;C:\Users\-Pc-\.m2\repository\io\micrometer\micrometer-commons\1.12.5\micrometer-commons-1.12.5.jar;C:\Users\-Pc-\.m2\repository\io\microm
Launcher Type: SUN_STANDARD

[Global flags]
     intx CICompilerCount                          = 4                                         {product} {ergonomic}
     uint ConcGCThreads                            = 3                                         {product} {ergonomic}
     uint G1ConcRefinementThreads                  = 10                                        {product} {ergonomic}
   size_t G1HeapRegionSize                         = 2097152                                   {product} {ergonomic}
    uintx GCDrainStackTargetSize                   = 64                                        {product} {ergonomic}
   size_t InitialHeapSize                          = 268435456                                 {product} {ergonomic}
   size_t MarkStackSize                            = 4194304                                   {product} {ergonomic}
   size_t MaxHeapSize                              = 4269801472                                {product} {ergonomic}
   size_t MaxNewSize                               = 2560622592                                {product} {ergonomic}
   size_t MinHeapDeltaBytes                        = 2097152                                   {product} {ergonomic}
   size_t MinHeapSize                              = 8388608                                   {product} {ergonomic}
    uintx NonNMethodCodeHeapSize                   = 5839372                                {pd product} {ergonomic}
    uintx NonProfiledCodeHeapSize                  = 122909434                              {pd product} {ergonomic}
    uintx ProfiledCodeHeapSize                     = 122909434                              {pd product} {ergonomic}
    uintx ReservedCodeCacheSize                    = 251658240                              {pd product} {ergonomic}
     bool SegmentedCodeCache                       = true                                      {product} {ergonomic}
   size_t SoftMaxHeapSize                          = 4269801472                             {manageable} {ergonomic}
     bool UseCompressedClassPointers               = true                           {product lp64_product} {ergonomic}
     bool UseCompressedOops                        = true                           {product lp64_product} {ergonomic}
     bool UseG1GC                                  = true                                      {product} {ergonomic}
     bool UseLargePagesIndividualAllocation        = false                                  {pd product} {ergonomic}

Logging:
Log output configuration:
 #0: stdout all=warning uptime,level,tags
 #1: stderr all=off uptime,level,tags

Environment Variables:
PATH=C:\Program Files\Common Files\Oracle\Java\javapath;C:\Program Files (x86)\Common Files\Oracle\Java\javapath;E:\VMware\VMware Workstation\bin\;C:\WINDOWS\system32;C:\WINDOWS;C:\WINDOWS\System32\Wbem;C:\WINDOWS\System32\WindowsPowerShell\v1.0\;C:\WINDOWS\System32\OpenSSH\;C:\Program Files\MySQL\MySQL Server 8.0\bin;C:\Program Files\nodejs\;C:\Program Files\Azure Data Studio\bin;C:\Program Files\Git\cmd;C:\Program Files (x86)\Microsoft SQL Server\160\Tools\Binn\;C:\Program Files\Microsoft SQL Server\160\Tools\Binn\;C:\Program Files\Microsoft SQL Server\Client SDK\ODBC\170\Tools\Binn\;C:\Program Files\Microsoft SQL Server\160\DTS\Binn\;C:\Program Files\dotnet\;D:\Maven\apache-maven-3.9.9\bin;C:\Program Files\Cloudflare\Cloudflare WARP\;C:\Program Files\MySQL\MySQL Shell 8.0\bin\;C:\Users\-Pc-\.console-ninja\.bin;C:\Users\-Pc-\AppData\Local\Microsoft\WindowsApps;E:\Microsoft VS Code\bin;C:\Users\-Pc-\AppData\Roaming\npm;C:\Program Files\Azure Data Studio\bin;C:\Users\-Pc-\AppData\Local\Microsoft\WindowsApps;C:\Users\-Pc-\.dotnet\tools;D:\Microsoft VS Code\bin
USERNAME=-Pc-
OS=Windows_NT
PROCESSOR_IDENTIFIER=Intel64 Family 6 Model 165 Stepping 3, GenuineIntel



---------------  S Y S T E M  ---------------

OS:
 Windows 11 , 64 bit Build 26100 (10.0.26100.4484)
OS uptime: 4 days 1:24 hours
Hyper-V role detected

CPU: total 12 (initial active 12) (6 cores per cpu, 2 threads per core) family 6 model 165 stepping 3 microcode 0xf8, cx8, cmov, fxsr, ht, mmx, 3dnowpref, sse, sse2, sse3, ssse3, sse4.1, sse4.2, popcnt, lzcnt, tsc, tscinvbit, avx, avx2, aes, erms, clmul, bmi1, bmi2, adx, fma, vzeroupper, clflush, clflushopt, hv

Memory: 4k page, system-wide physical 16280M (878M free)
TotalPageFile size 43325M (AvailPageFile size 12M)
current process WorkingSet (physical memory assigned to process): 130M, peak: 130M
current process commit charge ("private bytes"): 399M, peak: 399M

vm_info: Java HotSpot(TM) 64-Bit Server VM (17.0.9+11-LTS-201) for windows-amd64 JRE (17.0.9+11-LTS-201), built on Oct 10 2023 23:16:06 by "mach5one" with MS VC++ 17.1 (VS2022)

END.
