#
# There is insufficient memory for the Java Runtime Environment to continue.
# Native memory allocation (malloc) failed to allocate 1048576 bytes for AllocateHeap
# Possible reasons:
#   The system is out of physical RAM or swap space
#   The process is running with CompressedOops enabled, and the Java Heap may be blocking the growth of the native heap
# Possible solutions:
#   Reduce memory load on the system
#   Increase physical memory or swap space
#   Check if swap backing store is full
#   Decrease Java heap size (-Xmx/-Xms)
#   Decrease number of Java threads
#   Decrease Java thread stack sizes (-Xss)
#   Set larger code cache with -XX:ReservedCodeCacheSize=
#   JVM is running with Unscaled Compressed Oops mode in which the Java heap is
#     placed in the first 4GB address space. The Java Heap base address is the
#     maximum limit for the native heap growth. Please use -XX:HeapBaseMinAddress
#     to set the Java Heap base and to place the Java Heap above 4GB virtual address.
# This output file may be truncated or incomplete.
#
#  Out of Memory Error (allocation.cpp:44), pid=30424, tid=28492
#
# JRE version:  (17.0.9+11) (build )
# Java VM: Java HotSpot(TM) 64-Bit Server VM (17.0.9+11-LTS-201, mixed mode, sharing, tiered, compressed oops, compressed class ptrs, g1 gc, windows-amd64)
# No core dump will be written. Minidumps are not enabled by default on client versions of Windows
#

---------------  S U M M A R Y ------------

Command Line: -Dnet.bytebuddy.agent.attacher.dump= net.bytebuddy.agent.Attacher com.sun.tools.attach.VirtualMachine 20320 C:\Users\-Pc-\.m2\repository\net\bytebuddy\byte-buddy-agent\1.14.13\byte-buddy-agent-1.14.13.jar false 

Host: Intel(R) Core(TM) i5-10400F CPU @ 2.90GHz, 12 cores, 15G,  Windows 11 , 64 bit Build 26100 (10.0.26100.4484)
Time: Sun Aug 10 21:30:39 2025 SE Asia Standard Time elapsed time: 0.165067 seconds (0d 0h 0m 0s)

---------------  T H R E A D  ---------------

Current thread (0x0000015f08f2c620):  JavaThread "Unknown thread" [_thread_in_vm, id=28492, stack(0x0000000a5c400000,0x0000000a5c500000)]

Stack: [0x0000000a5c400000,0x0000000a5c500000]
Native frames: (J=compiled Java code, j=interpreted, Vv=VM code, C=native code)
V  [jvm.dll+0x678a4a]
V  [jvm.dll+0x7d9cfd]
V  [jvm.dll+0x7db60e]
V  [jvm.dll+0x7dbc73]
V  [jvm.dll+0x245e1f]
V  [jvm.dll+0xa5173]
V  [jvm.dll+0x2d63c7]
V  [jvm.dll+0x7ab67c]
V  [jvm.dll+0x368041]
V  [jvm.dll+0x78a749]
V  [jvm.dll+0x3ebd4f]
V  [jvm.dll+0x3ed7d1]
C  [jli.dll+0x5297]
C  [ucrtbase.dll+0x37b0]
C  [KERNEL32.DLL+0x2e8d7]
C  [ntdll.dll+0x3c34c]


---------------  P R O C E S S  ---------------

Threads class SMR info:
_java_thread_list=0x00007ffb071d89d8, length=0, elements={
}

Java Threads: ( => current thread )

Other Threads:

=>0x0000015f08f2c620 (exited) JavaThread "Unknown thread" [_thread_in_vm, id=28492, stack(0x0000000a5c400000,0x0000000a5c500000)]

Threads with active compile tasks:

VM state: not at safepoint (not fully initialized)

VM Mutex/Monitor currently owned by a thread: None

Heap address: 0x0000000000000000, size: 0 MB, Compressed Oops mode: 32-bit

CDS archive(s) mapped at: [0x0000000000000000-0x0000000000000000-0x0000000000000000), size 0, SharedBaseAddress: 0x0000000800000000, ArchiveRelocationMode: 1.
Narrow klass base: 0x0000000000000000, Narrow klass shift: 0, Narrow klass range: 0x0

GC Precious Log:
<Empty>

GC Heap History (0 events):
No events

Deoptimization events (0 events):
No events

Classes unloaded (0 events):
No events

Classes redefined (0 events):
No events

Internal exceptions (0 events):
No events

VM Operations (0 events):
No events

Events (1 events):
Event: 0.010 Loaded shared library C:\Program Files\Java\jdk-17\bin\java.dll


Dynamic libraries:
0x00007ff79ae50000 - 0x00007ff79ae60000 	C:\Program Files\Java\jdk-17\bin\java.exe
0x00007ffb8f120000 - 0x00007ffb8f388000 	C:\WINDOWS\SYSTEM32\ntdll.dll
0x00007ffb8d530000 - 0x00007ffb8d5f9000 	C:\WINDOWS\System32\KERNEL32.DLL
0x00007ffb8cad0000 - 0x00007ffb8cebd000 	C:\WINDOWS\System32\KERNELBASE.dll
0x00007ffb8c300000 - 0x00007ffb8c44b000 	C:\WINDOWS\System32\ucrtbase.dll
0x00007ffb87010000 - 0x00007ffb8702b000 	C:\Program Files\Java\jdk-17\bin\VCRUNTIME140.dll
0x00007ffb73ed0000 - 0x00007ffb73ee9000 	C:\Program Files\Java\jdk-17\bin\jli.dll
0x00007ffb8d7d0000 - 0x00007ffb8d884000 	C:\WINDOWS\System32\ADVAPI32.dll
0x00007ffb8d720000 - 0x00007ffb8d7c9000 	C:\WINDOWS\System32\msvcrt.dll
0x00007ffb8e730000 - 0x00007ffb8e7d6000 	C:\WINDOWS\System32\sechost.dll
0x00007ffb8d600000 - 0x00007ffb8d718000 	C:\WINDOWS\System32\RPCRT4.dll
0x00007ffb8e450000 - 0x00007ffb8e61c000 	C:\WINDOWS\System32\USER32.dll
0x00007ffb754e0000 - 0x00007ffb7577a000 	C:\WINDOWS\WinSxS\amd64_microsoft.windows.common-controls_6595b64144ccf1df_6.0.26100.4484_none_3e0e6d4ce32ef3b3\COMCTL32.dll
0x00007ffb8c590000 - 0x00007ffb8c5b7000 	C:\WINDOWS\System32\win32u.dll
0x00007ffb8d2d0000 - 0x00007ffb8d2fb000 	C:\WINDOWS\System32\GDI32.dll
0x00007ffb8c450000 - 0x00007ffb8c587000 	C:\WINDOWS\System32\gdi32full.dll
0x00007ffb8c720000 - 0x00007ffb8c7c3000 	C:\WINDOWS\System32\msvcp_win.dll
0x00007ffb862e0000 - 0x00007ffb862eb000 	C:\WINDOWS\SYSTEM32\VERSION.dll
0x00007ffb8cfb0000 - 0x00007ffb8cfdf000 	C:\WINDOWS\System32\IMM32.DLL
0x00007ffb867b0000 - 0x00007ffb867bc000 	C:\Program Files\Java\jdk-17\bin\vcruntime140_1.dll
0x00007ffb6fe00000 - 0x00007ffb6fe8e000 	C:\Program Files\Java\jdk-17\bin\msvcp140.dll
0x00007ffb06720000 - 0x00007ffb07301000 	C:\Program Files\Java\jdk-17\bin\server\jvm.dll
0x00007ffb8e7e0000 - 0x00007ffb8e7e8000 	C:\WINDOWS\System32\PSAPI.DLL
0x00007ffb7ea00000 - 0x00007ffb7ea35000 	C:\WINDOWS\SYSTEM32\WINMM.dll
0x00007ffb86fe0000 - 0x00007ffb86fea000 	C:\WINDOWS\SYSTEM32\WSOCK32.dll
0x00007ffb8cf30000 - 0x00007ffb8cfa4000 	C:\WINDOWS\System32\WS2_32.dll
0x00007ffb8afd0000 - 0x00007ffb8afeb000 	C:\WINDOWS\SYSTEM32\kernel.appcore.dll
0x00007ffb73ec0000 - 0x00007ffb73eca000 	C:\Program Files\Java\jdk-17\bin\jimage.dll
0x00007ffb7a650000 - 0x00007ffb7a891000 	C:\WINDOWS\SYSTEM32\DBGHELP.DLL
0x00007ffb8d890000 - 0x00007ffb8dc16000 	C:\WINDOWS\System32\combase.dll
0x00007ffb8eff0000 - 0x00007ffb8f0d0000 	C:\WINDOWS\System32\OLEAUT32.dll
0x00007ffb679e0000 - 0x00007ffb67a23000 	C:\WINDOWS\SYSTEM32\dbgcore.DLL
0x00007ffb8c680000 - 0x00007ffb8c719000 	C:\WINDOWS\System32\bcryptPrimitives.dll
0x00007ffb72920000 - 0x00007ffb72945000 	C:\Program Files\Java\jdk-17\bin\java.dll

dbghelp: loaded successfully - version: 4.0.5 - missing functions: none
symbol engine: initialized successfully - sym options: 0x614 - pdb path: .;C:\Program Files\Java\jdk-17\bin;C:\WINDOWS\SYSTEM32;C:\WINDOWS\WinSxS\amd64_microsoft.windows.common-controls_6595b64144ccf1df_6.0.26100.4484_none_3e0e6d4ce32ef3b3;C:\Program Files\Java\jdk-17\bin\server

VM Arguments:
jvm_args: -Dnet.bytebuddy.agent.attacher.dump= 
java_command: net.bytebuddy.agent.Attacher com.sun.tools.attach.VirtualMachine 20320 C:\Users\-Pc-\.m2\repository\net\bytebuddy\byte-buddy-agent\1.14.13\byte-buddy-agent-1.14.13.jar false 
java_class_path (initial): C:\Users\-Pc-\.m2\repository\net\bytebuddy\byte-buddy-agent\1.14.13\byte-buddy-agent-1.14.13.jar
Launcher Type: SUN_STANDARD

[Global flags]
     intx CICompilerCount                          = 4                                         {product} {ergonomic}
     uint ConcGCThreads                            = 3                                         {product} {ergonomic}
     uint G1ConcRefinementThreads                  = 10                                        {product} {ergonomic}
   size_t G1HeapRegionSize                         = 2097152                                   {product} {ergonomic}
    uintx GCDrainStackTargetSize                   = 64                                        {product} {ergonomic}
   size_t InitialHeapSize                          = 268435456                                 {product} {ergonomic}
   size_t MarkStackSize                            = 4194304                                   {product} {ergonomic}
   size_t MaxHeapSize                              = 4269801472                                {product} {ergonomic}
   size_t MinHeapDeltaBytes                        = 2097152                                   {product} {ergonomic}
   size_t MinHeapSize                              = 8388608                                   {product} {ergonomic}
    uintx NonNMethodCodeHeapSize                   = 5839372                                {pd product} {ergonomic}
    uintx NonProfiledCodeHeapSize                  = 122909434                              {pd product} {ergonomic}
    uintx ProfiledCodeHeapSize                     = 122909434                              {pd product} {ergonomic}
    uintx ReservedCodeCacheSize                    = 251658240                              {pd product} {ergonomic}
     bool SegmentedCodeCache                       = true                                      {product} {ergonomic}
   size_t SoftMaxHeapSize                          = 4269801472                             {manageable} {ergonomic}
     bool UseCompressedClassPointers               = true                           {product lp64_product} {ergonomic}
     bool UseCompressedOops                        = true                           {product lp64_product} {ergonomic}
     bool UseG1GC                                  = true                                      {product} {ergonomic}
     bool UseLargePagesIndividualAllocation        = false                                  {pd product} {ergonomic}

Logging:
Log output configuration:
 #0: stdout all=warning uptime,level,tags
 #1: stderr all=off uptime,level,tags

Environment Variables:
PATH=C:\Program Files\Common Files\Oracle\Java\javapath;C:\Program Files (x86)\Common Files\Oracle\Java\javapath;E:\VMware\VMware Workstation\bin\;C:\WINDOWS\system32;C:\WINDOWS;C:\WINDOWS\System32\Wbem;C:\WINDOWS\System32\WindowsPowerShell\v1.0\;C:\WINDOWS\System32\OpenSSH\;C:\Program Files\MySQL\MySQL Server 8.0\bin;C:\Program Files\nodejs\;C:\Program Files\Azure Data Studio\bin;C:\Program Files\Git\cmd;C:\Program Files (x86)\Microsoft SQL Server\160\Tools\Binn\;C:\Program Files\Microsoft SQL Server\160\Tools\Binn\;C:\Program Files\Microsoft SQL Server\Client SDK\ODBC\170\Tools\Binn\;C:\Program Files\Microsoft SQL Server\160\DTS\Binn\;C:\Program Files\dotnet\;D:\Maven\apache-maven-3.9.9\bin;C:\Program Files\Cloudflare\Cloudflare WARP\;C:\Program Files\MySQL\MySQL Shell 8.0\bin\;C:\Users\-Pc-\.console-ninja\.bin;C:\Users\-Pc-\AppData\Local\Microsoft\WindowsApps;E:\Microsoft VS Code\bin;C:\Users\-Pc-\AppData\Roaming\npm;C:\Program Files\Azure Data Studio\bin;C:\Users\-Pc-\AppData\Local\Microsoft\WindowsApps;C:\Users\-Pc-\.dotnet\tools;D:\Microsoft VS Code\bin
USERNAME=-Pc-
OS=Windows_NT
PROCESSOR_IDENTIFIER=Intel64 Family 6 Model 165 Stepping 3, GenuineIntel



---------------  S Y S T E M  ---------------

OS:
 Windows 11 , 64 bit Build 26100 (10.0.26100.4484)
OS uptime: 4 days 1:24 hours
Hyper-V role detected

CPU: total 12 (initial active 12) (6 cores per cpu, 2 threads per core) family 6 model 165 stepping 3 microcode 0xf8, cx8, cmov, fxsr, ht, mmx, 3dnowpref, sse, sse2, sse3, ssse3, sse4.1, sse4.2, popcnt, lzcnt, tsc, tscinvbit, avx, avx2, aes, erms, clmul, bmi1, bmi2, adx, fma, vzeroupper, clflush, clflushopt, hv

Memory: 4k page, system-wide physical 16280M (961M free)
TotalPageFile size 43325M (AvailPageFile size 14M)
current process WorkingSet (physical memory assigned to process): 11M, peak: 11M
current process commit charge ("private bytes"): 16M, peak: 17M

vm_info: Java HotSpot(TM) 64-Bit Server VM (17.0.9+11-LTS-201) for windows-amd64 JRE (17.0.9+11-LTS-201), built on Oct 10 2023 23:16:06 by "mach5one" with MS VC++ 17.1 (VS2022)

END.
